<?xml version="1.0" encoding="UTF-8" ?>
<testsuite tests="1" failures="0" name="Item.Test02" time="0.16" errors="0" skipped="0">
  <properties>
    <property name="idea.version" value="2021.1"/>
    <property name="java.runtime.name" value="Java(TM) SE Runtime Environment"/>
    <property name="sun.boot.library.path" value="F:\Multifunctionapplication\Advanced Files\jdk1.8.0_24\jre\bin"/>
    <property name="java.vm.version" value="25.241-b07"/>
    <property name="java.vm.vendor" value="Oracle Corporation"/>
    <property name="maven.multiModuleProjectDirectory" value="F:\Multifunctionapplication\Advanced Files\IntelliJ IDEA Project\Spring"/>
    <property name="java.vendor.url" value="http://java.oracle.com/"/>
    <property name="path.separator" value=";"/>
    <property name="guice.disable.misplaced.annotation.check" value="true"/>
    <property name="java.vm.name" value="Java HotSpot(TM) 64-Bit Server VM"/>
    <property name="file.encoding.pkg" value="sun.io"/>
    <property name="user.script" value=""/>
    <property name="user.country" value="CN"/>
    <property name="sun.java.launcher" value="SUN_STANDARD"/>
    <property name="sun.os.patch.level" value=""/>
    <property name="java.vm.specification.name" value="Java Virtual Machine Specification"/>
    <property name="user.dir" value="F:\Multifunctionapplication\Advanced Files\IntelliJ IDEA Project\Spring"/>
    <property name="java.runtime.version" value="1.8.0_241-b07"/>
    <property name="java.awt.graphicsenv" value="sun.awt.Win32GraphicsEnvironment"/>
    <property name="java.endorsed.dirs" value="F:\Multifunctionapplication\Advanced Files\jdk1.8.0_24\jre\lib\endorsed"/>
    <property name="os.arch" value="amd64"/>
    <property name="java.io.tmpdir" value="C:\Users\18027\AppData\Local\Temp\"/>
    <property name="line.separator" value="
"/>
    <property name="java.vm.specification.vendor" value="Oracle Corporation"/>
    <property name="user.variant" value=""/>
    <property name="os.name" value="Windows 10"/>
    <property name="maven.ext.class.path" value="F:\Multifunctionapplication\Advanced Files\IntelliJ IDEA 2021.1\plugins\maven\lib\maven-event-listener.jar"/>
    <property name="classworlds.conf" value="F:\Multifunctionapplication\Advanced Files\JavaStudy\Java300集\JAVAWeb\apache-maven-3.8.2\bin\m2.conf"/>
    <property name="sun.jnu.encoding" value="GBK"/>
    <property name="java.library.path" value="F:\Multifunctionapplication\Advanced Files\jdk1.8.0_24\bin;C:\WINDOWS\Sun\Java\bin;C:\WINDOWS\system32;C:\WINDOWS;F:\Multifunctionapplication\Advanced Files\jdk1.8.0_24\bin;F:\Multifunctionapplication\Advanced Files\JavaStudy\Java300集\JAVAWeb\apache-maven-3.8.2\bin;C:\Users\18027\AppData\Local\Microsoft\WindowsApps;."/>
    <property name="maven.conf" value="F:\Multifunctionapplication\Advanced Files\JavaStudy\Java300集\JAVAWeb\apache-maven-3.8.2/conf"/>
    <property name="java.specification.name" value="Java Platform API Specification"/>
    <property name="java.class.version" value="52.0"/>
    <property name="sun.management.compiler" value="HotSpot 64-Bit Tiered Compilers"/>
    <property name="maven.repo.local" value="F:\Multifunctionapplication\Advanced Files\JavaStudy\Java300集\JAVAWeb\apache-maven-3.8.2\maven-repo"/>
    <property name="os.version" value="10.0"/>
    <property name="user.home" value="C:\Users\18027"/>
    <property name="user.timezone" value="Asia/Shanghai"/>
    <property name="java.awt.printerjob" value="sun.awt.windows.WPrinterJob"/>
    <property name="java.specification.version" value="1.8"/>
    <property name="file.encoding" value="UTF-8"/>
    <property name="user.name" value="Morries"/>
    <property name="java.class.path" value="F:\Multifunctionapplication\Advanced Files\JavaStudy\Java300集\JAVAWeb\apache-maven-3.8.2\boot\plexus-classworlds-2.6.0.jar;F:\Multifunctionapplication\Advanced Files\JavaStudy\Java300集\JAVAWeb\apache-maven-3.8.2\boot\plexus-classworlds.license;F:\Multifunctionapplication\Advanced Files\IntelliJ IDEA 2021.1\lib\idea_rt.jar"/>
    <property name="java.vm.specification.version" value="1.8"/>
    <property name="sun.arch.data.model" value="64"/>
    <property name="java.home" value="F:\Multifunctionapplication\Advanced Files\jdk1.8.0_24\jre"/>
    <property name="sun.java.command" value="org.codehaus.classworlds.Launcher -Didea.version=2021.1 -s F:\Multifunctionapplication\Advanced Files\JavaStudy\Java300集\JAVAWeb\apache-maven-3.8.2\conf\settings.xml -Dmaven.repo.local=F:\Multifunctionapplication\Advanced Files\JavaStudy\Java300集\JAVAWeb\apache-maven-3.8.2\maven-repo install"/>
    <property name="java.specification.vendor" value="Oracle Corporation"/>
    <property name="user.language" value="zh"/>
    <property name="awt.toolkit" value="sun.awt.windows.WToolkit"/>
    <property name="java.vm.info" value="mixed mode"/>
    <property name="java.version" value="1.8.0_241"/>
    <property name="java.ext.dirs" value="F:\Multifunctionapplication\Advanced Files\jdk1.8.0_24\jre\lib\ext;C:\WINDOWS\Sun\Java\lib\ext"/>
    <property name="sun.boot.class.path" value="F:\Multifunctionapplication\Advanced Files\jdk1.8.0_24\jre\lib\resources.jar;F:\Multifunctionapplication\Advanced Files\jdk1.8.0_24\jre\lib\rt.jar;F:\Multifunctionapplication\Advanced Files\jdk1.8.0_24\jre\lib\sunrsasign.jar;F:\Multifunctionapplication\Advanced Files\jdk1.8.0_24\jre\lib\jsse.jar;F:\Multifunctionapplication\Advanced Files\jdk1.8.0_24\jre\lib\jce.jar;F:\Multifunctionapplication\Advanced Files\jdk1.8.0_24\jre\lib\charsets.jar;F:\Multifunctionapplication\Advanced Files\jdk1.8.0_24\jre\lib\jfr.jar;F:\Multifunctionapplication\Advanced Files\jdk1.8.0_24\jre\classes"/>
    <property name="java.vendor" value="Oracle Corporation"/>
    <property name="maven.home" value="F:\Multifunctionapplication\Advanced Files\JavaStudy\Java300集\JAVAWeb\apache-maven-3.8.2"/>
    <property name="file.separator" value="\"/>
    <property name="java.vendor.url.bug" value="http://bugreport.sun.com/bugreport/"/>
    <property name="sun.cpu.endian" value="little"/>
    <property name="sun.io.unicode.encoding" value="UnicodeLittle"/>
    <property name="sun.desktop" value="windows"/>
    <property name="sun.cpu.isalist" value="amd64"/>
  </properties>
  <testcase classname="Item.Test02" name="test01" time="0.16"/>
</testsuite>